<?xml version="1.0" encoding="UTF-8"?>
<!-- Generated by org.testng.reporters.JUnitReportReporter -->
<testsuite hostname="Manikandan" failures="0" tests="1" name="ExtentReports.ToAttachScreenShotIntoReport" time="6.674" errors="0" timestamp="2024-11-07T09:56:57 IST" skipped="0">
  <testcase classname="ExtentReports.ToAttachScreenShotIntoReport" name="screenShot" time="6.674"/>
  <system-out/>
</testsuite> <!-- ExtentReports.ToAttachScreenShotIntoReport -->
