<?xml version="1.0" encoding="UTF-8"?>
<!-- Generated by org.testng.reporters.JUnitReportReporter -->
<testsuite hostname="Manikandan" failures="0" tests="1" name="BikesAssignment55.DucatiTest" time="10.999" errors="0" timestamp="2024-11-06T08:55:07 IST" skipped="0">
  <testcase classname="BikesAssignment55.DucatiTest" name="ducati" time="10.999"/>
  <system-out>
    <![CDATA[DucatiTest Executed]]>
  </system-out>
</testsuite> <!-- BikesAssignment55.DucatiTest -->
