<?xml version="1.0" encoding="UTF-8"?>
<!-- Generated by org.testng.reporters.JUnitReportReporter -->
<testsuite hostname="Manikandan" failures="0" tests="1" name="BikesAssignment55.BajajTest" time="14.270" errors="0" timestamp="2024-11-06T08:14:49 IST" skipped="0">
  <testcase classname="BikesAssignment55.BajajTest" name="bajaj" time="14.270"/>
  <system-out>
    <![CDATA[BajajTest Executed]]>
  </system-out>
</testsuite> <!-- BikesAssignment55.BajajTest -->
