<?xml version="1.0" encoding="UTF-8"?>
<!-- Generated by org.testng.reporters.JUnitReportReporter -->
<testsuite hostname="Manikandan" failures="0" tests="1" name="Sample" time="0.013" errors="0" timestamp="2024-11-04T09:50:15 IST" skipped="0">
  <testcase classname="Sample" name="Demo" time="0.013"/>
  <system-out>
    <![CDATA[Sample Class Executed]]>
  </system-out>
</testsuite> <!-- Sample -->
