<?xml version="1.0" encoding="UTF-8"?>
<!-- Generated by org.testng.reporters.JUnitReportReporter -->
<testsuite hostname="Manikandan" failures="0" tests="1" name="ExtentReports.ToLearnExtentReports" time="0.833" errors="0" timestamp="2024-11-08T11:17:33 IST" skipped="0">
  <testcase classname="ExtentReports.ToLearnExtentReports" name="report" time="0.833"/>
  <system-out/>
</testsuite> <!-- ExtentReports.ToLearnExtentReports -->
