<?xml version="1.0" encoding="UTF-8"?>
<!-- Generated by org.testng.reporters.JUnitReportReporter -->
<testsuite hostname="Manikandan" failures="0" tests="1" name="CarsAssignment54.TataMotorsTest" time="8.568" errors="0" timestamp="2024-11-05T20:58:44 IST" skipped="0">
  <testcase classname="CarsAssignment54.TataMotorsTest" name="tata" time="8.568"/>
  <system-out>
    <![CDATA[Tata Motors Executed]]>
  </system-out>
</testsuite> <!-- CarsAssignment54.TataMotorsTest -->
