<?xml version="1.0" encoding="UTF-8"?>
<!-- Generated by org.testng.reporters.JUnitReportReporter -->
<testsuite hostname="Manikandan" failures="0" tests="1" name="BikesAssignment55.DucatiTest" time="7.242" errors="0" timestamp="2024-11-08T11:22:09 IST" skipped="0">
  <testcase classname="BikesAssignment55.DucatiTest" name="ducati" time="7.242"/>
  <system-out>
    <![CDATA[DucatiTest Executed]]>
  </system-out>
</testsuite> <!-- BikesAssignment55.DucatiTest -->
