<?xml version="1.0" encoding="UTF-8"?>
<!-- Generated by org.testng.reporters.JUnitReportReporter -->
<testsuite hostname="Manikandan" failures="0" tests="1" name="CarsAssignment54.AudiTest" time="10.799" errors="0" timestamp="2024-11-08T11:22:09 IST" skipped="0">
  <testcase classname="CarsAssignment54.AudiTest" name="audi" time="10.799"/>
  <system-out>
    <![CDATA[AudiTest Executed]]>
  </system-out>
</testsuite> <!-- CarsAssignment54.AudiTest -->
