<?xml version="1.0" encoding="UTF-8"?>
<!-- Generated by org.testng.reporters.JUnitReportReporter -->
<testsuite hostname="Manikandan" failures="0" tests="1" name="BikesAssignment55.YamahaTest" time="10.103" errors="0" timestamp="2024-11-08T11:22:09 IST" skipped="0">
  <testcase classname="BikesAssignment55.YamahaTest" name="yamaha" time="10.103"/>
  <system-out>
    <![CDATA[YamahaTest Executed]]>
  </system-out>
</testsuite> <!-- BikesAssignment55.YamahaTest -->
