<?xml version="1.0" encoding="UTF-8"?>
<!-- Generated by org.testng.reporters.JUnitReportReporter -->
<testsuite hostname="Manikandan" failures="0" tests="1" name="Cars.AudiTest" time="0.006" errors="0" timestamp="2024-11-05T08:15:23 IST" skipped="0">
  <testcase classname="Cars.AudiTest" name="audi" time="0.006"/>
  <system-out>
    <![CDATA[AudiTest Executed]]>
  </system-out>
</testsuite> <!-- Cars.AudiTest -->
