<?xml version="1.0" encoding="UTF-8"?>
<!-- Generated by org.testng.reporters.JUnitReportReporter -->
<testsuite hostname="Manikandan" failures="0" tests="1" name="CarsAssignment54.TataMotorsTest" time="6.951" errors="0" timestamp="2024-11-08T11:22:09 IST" skipped="0">
  <testcase classname="CarsAssignment54.TataMotorsTest" name="tata" time="6.951"/>
  <system-out>
    <![CDATA[Tata Motors Executed]]>
  </system-out>
</testsuite> <!-- CarsAssignment54.TataMotorsTest -->
