<?xml version="1.0" encoding="UTF-8"?>
<!-- Generated by org.testng.reporters.JUnitReportReporter -->
<testsuite hostname="Manikandan" failures="0" tests="1" name="CarsAssignment54.FerrariTest" time="8.383" errors="0" timestamp="2024-11-08T11:22:09 IST" skipped="0">
  <testcase classname="CarsAssignment54.FerrariTest" name="Ferrari" time="8.383"/>
  <system-out>
    <![CDATA[FerratiTest Execued]]>
  </system-out>
</testsuite> <!-- CarsAssignment54.FerrariTest -->
