<?xml version="1.0" encoding="UTF-8"?>
<!-- Generated by org.testng.reporters.JUnitReportReporter -->
<testsuite hostname="Manikandan" failures="0" tests="1" name="CarsAssignment54.LamborginiTest" time="9.251" errors="0" timestamp="2024-11-08T11:22:09 IST" skipped="0">
  <testcase classname="CarsAssignment54.LamborginiTest" name="lamborgini" time="9.251"/>
  <system-out>
    <![CDATA[Lamborgini Executed]]>
  </system-out>
</testsuite> <!-- CarsAssignment54.LamborginiTest -->
