<?xml version="1.0" encoding="UTF-8"?>
<!-- Generated by org.testng.reporters.JUnitReportReporter -->
<testsuite hostname="Manikandan" failures="0" tests="1" name="Cars.LamborginiTest" time="0.002" errors="0" timestamp="2024-11-05T08:15:23 IST" skipped="0">
  <testcase classname="Cars.LamborginiTest" name="lamborgini" time="0.002"/>
  <system-out>
    <![CDATA[Lamborgini Executed]]>
  </system-out>
</testsuite> <!-- Cars.LamborginiTest -->
