<?xml version="1.0" encoding="UTF-8"?>
<!-- Generated by org.testng.reporters.JUnitReportReporter -->
<testsuite hostname="Manikandan" failures="0" tests="1" name="BikesAssignment55.Ducati" time="62.856" errors="0" timestamp="2024-11-05T21:36:51 IST" skipped="0">
  <testcase classname="BikesAssignment55.Ducati" name="ducati" time="62.856"/>
  <system-out>
    <![CDATA[DucatiTest Executed]]>
  </system-out>
</testsuite> <!-- BikesAssignment55.Ducati -->
