<?xml version="1.0" encoding="UTF-8"?>
<!-- Generated by org.testng.reporters.JUnitReportReporter -->
<testsuite hostname="Manikandan" failures="0" tests="1" name="Cars.FerrariTest" time="0.001" errors="0" timestamp="2024-11-05T08:15:23 IST" skipped="0">
  <testcase classname="Cars.FerrariTest" name="Ferrari" time="0.001"/>
  <system-out>
    <![CDATA[Ferrari Executed]]>
  </system-out>
</testsuite> <!-- Cars.FerrariTest -->
