<?xml version="1.0" encoding="UTF-8"?>
<!-- Generated by org.testng.reporters.JUnitReportReporter -->
<testsuite hostname="Manikandan" failures="0" tests="1" name="BikesAssignment55.KtmTest" time="32.239" errors="0" timestamp="2024-11-08T11:22:09 IST" skipped="0">
  <testcase classname="BikesAssignment55.KtmTest" name="ktm" time="32.239"/>
  <system-out>
    <![CDATA[KTMTest Executed]]>
  </system-out>
</testsuite> <!-- BikesAssignment55.KtmTest -->
