<?xml version="1.0" encoding="UTF-8"?>
<!-- Generated by org.testng.reporters.JUnitReportReporter -->
<testsuite hostname="Manikandan" failures="0" tests="1" name="SampleTest" time="0.003" errors="0" timestamp="2024-11-08T11:22:09 IST" skipped="0">
  <testcase classname="SampleTest" name="Demo" time="0.003"/>
  <system-out>
    <![CDATA[SampleTest Classs Executed]]>
  </system-out>
</testsuite> <!-- SampleTest -->
