<?xml version="1.0" encoding="UTF-8"?>
<!-- Generated by org.testng.reporters.JUnitReportReporter -->
<testsuite hostname="Manikandan" failures="0" tests="1" name="Cars.TataMotorsTest" time="0.000" errors="0" timestamp="2024-11-05T08:15:23 IST" skipped="0">
  <testcase classname="Cars.TataMotorsTest" name="tata" time="0.000"/>
  <system-out>
    <![CDATA[Tata Motors Executed]]>
  </system-out>
</testsuite> <!-- Cars.TataMotorsTest -->
